<?xml version="1.0" encoding="UTF-8"?>
<testng-results skipped="0" failed="0" ignored="0" total="1" passed="1">
  <reporter-output>
    <line>
      <![CDATA[No of rows in TCSheet::4    No of rows in TSSheet::10]]>
    </line>
    <line>
      <![CDATA[Login success::adminflow      http://primusbank.qedgetech.com/adminflow.aspx]]>
    </line>
    <line>
      <![CDATA[Logout success]]>
    </line>
    <line>
      <![CDATA[Login success::adminflow      http://primusbank.qedgetech.com/adminflow.aspx]]>
    </line>
    <line>
      <![CDATA[New Branch with id 104 created Sucessfully]]>
    </line>
    <line>
      <![CDATA[Logout success]]>
    </line>
    <line>
      <![CDATA[Login success::adminflow      http://primusbank.qedgetech.com/adminflow.aspx]]>
    </line>
    <line>
      <![CDATA[Branch updated Sucessfully]]>
    </line>
    <line>
      <![CDATA[Logout success]]>
    </line>
  </reporter-output>
  <suite name="FrameWork" duration-ms="52590" started-at="2022-08-12T14:48:49Z" finished-at="2022-08-12T14:49:42Z">
    <groups>
    </groups>
    <test name="HybridResults" duration-ms="52590" started-at="2022-08-12T14:48:49Z" finished-at="2022-08-12T14:49:42Z">
      <class name="driverFactory.DriverScript">
        <test-method status="PASS" signature="setUp()[pri:0, instance:driverFactory.DriverScript@21507a04]" name="setUp" is-config="true" duration-ms="6234" started-at="2022-08-12T14:48:43Z" finished-at="2022-08-12T14:48:49Z">
          <reporter-output>
          </reporter-output>
        </test-method> <!-- setUp -->
        <test-method status="PASS" signature="startTest()[pri:0, instance:driverFactory.DriverScript@21507a04]" name="startTest" duration-ms="52568" started-at="2022-08-12T14:48:49Z" finished-at="2022-08-12T14:49:42Z">
          <reporter-output>
            <line>
              <![CDATA[No of rows in TCSheet::4    No of rows in TSSheet::10]]>
            </line>
            <line>
              <![CDATA[Login success::adminflow      http://primusbank.qedgetech.com/adminflow.aspx]]>
            </line>
            <line>
              <![CDATA[Logout success]]>
            </line>
            <line>
              <![CDATA[Login success::adminflow      http://primusbank.qedgetech.com/adminflow.aspx]]>
            </line>
            <line>
              <![CDATA[New Branch with id 104 created Sucessfully]]>
            </line>
            <line>
              <![CDATA[Logout success]]>
            </line>
            <line>
              <![CDATA[Login success::adminflow      http://primusbank.qedgetech.com/adminflow.aspx]]>
            </line>
            <line>
              <![CDATA[Branch updated Sucessfully]]>
            </line>
            <line>
              <![CDATA[Logout success]]>
            </line>
          </reporter-output>
        </test-method> <!-- startTest -->
        <test-method status="PASS" signature="tearDown()[pri:0, instance:driverFactory.DriverScript@21507a04]" name="tearDown" is-config="true" duration-ms="1359" started-at="2022-08-12T14:49:42Z" finished-at="2022-08-12T14:49:43Z">
          <reporter-output>
          </reporter-output>
        </test-method> <!-- tearDown -->
      </class> <!-- driverFactory.DriverScript -->
    </test> <!-- HybridResults -->
  </suite> <!-- FrameWork -->
</testng-results>
